<?xml version="1.0" encoding="UTF-8"?>
<!-- Generated by org.testng.reporters.JUnitXMLReporter -->
<testsuite ignored="0" hostname="DESKTOP-M0LQVP0" failures="0" tests="9" name="Default test" time="4.012" errors="0" timestamp="2024-06-16T13:55:29 IST">
  <testcase classname="com.saucedemo.testcases.TestLoginPage" name="TestVerifyLogin" time="0.406"/>
  <testcase classname="com.saucedemo.testcases.TestLoginPage" name="TestClickProducts" time="0.131"/>
  <testcase classname="com.saucedemo.testcases.TestLoginPage" name="TestClickProducts" time="0.105"/>
  <testcase classname="com.saucedemo.testcases.TestLoginPage" name="TestClickProducts" time="0.121"/>
  <testcase classname="com.saucedemo.testcases.TestLoginPage" name="TestClickCartButton" time="0.203"/>
  <testcase classname="com.saucedemo.testcases.TestLoginPage" name="TestClickCheckOutButton" time="0.085"/>
  <testcase classname="com.saucedemo.testcases.TestLoginPage" name="GenerateRandomUser" time="1.29"/>
  <testcase classname="com.saucedemo.testcases.TestLoginPage" name="ClickOnFinishButton" time="1.509"/>
  <testcase classname="com.saucedemo.testcases.TestLoginPage" name="HompPage" time="0.048"/>
</testsuite> <!-- Default test -->
